[0.008s] Invoking command in '/home/ak47k98/PycharmProjects/ros2_v8/build/ros2_yolo_msgs': CONDA_PROMPT_MODIFIER=(yolov8_10) /usr/bin/cmake /home/ak47k98/PycharmProjects/ros2_v8/src/ros2_yolo_msgs -DCATKIN_INSTALL_INTO_PREFIX_ROOT=0 -DCMAKE_INSTALL_PREFIX=/home/ak47k98/PycharmProjects/ros2_v8/install/ros2_yolo_msgs
[0.067s] -- The C compiler identification is GNU 11.4.0
[0.107s] -- The CXX compiler identification is GNU 11.4.0
[0.114s] -- Detecting C compiler ABI info
[0.164s] -- Detecting C compiler ABI info - done
[0.168s] -- Check for working C compiler: /usr/bin/cc - skipped
[0.168s] -- Detecting C compile features
[0.169s] -- Detecting C compile features - done
[0.171s] -- Detecting CXX compiler ABI info
[0.221s] -- Detecting CXX compiler ABI info - done
[0.224s] -- Check for working CXX compiler: /usr/bin/c++ - skipped
[0.225s] -- Detecting CXX compile features
[0.225s] -- Detecting CXX compile features - done
[0.231s] -- Found ament_cmake: 1.3.9 (/opt/ros/humble/share/ament_cmake/cmake)
[0.428s] -- Found Python3: /home/ak47k98/anaconda3/envs/yolov8_10/bin/python3 (found version "3.10.16") found components: Interpreter 
[0.487s] -- Found rosidl_default_generators: 1.2.0 (/opt/ros/humble/share/rosidl_default_generators/cmake)
[0.490s] -- Using all available rosidl_typesupport_c: rosidl_typesupport_fastrtps_c;rosidl_typesupport_introspection_c
[0.496s] -- Found rosidl_adapter: 3.1.5 (/opt/ros/humble/share/rosidl_adapter/cmake)
[0.524s] -- Using all available rosidl_typesupport_cpp: rosidl_typesupport_fastrtps_cpp;rosidl_typesupport_introspection_cpp
[0.544s] -- Found std_msgs: 4.2.4 (/opt/ros/humble/share/std_msgs/cmake)
[0.747s] -- Found ament_cmake_ros: 0.10.0 (/opt/ros/humble/share/ament_cmake_ros/cmake)
[0.869s] -- Using all available rosidl_typesupport_c: rosidl_typesupport_fastrtps_c;rosidl_typesupport_introspection_c
[1.025s] -- Using all available rosidl_typesupport_cpp: rosidl_typesupport_fastrtps_cpp;rosidl_typesupport_introspection_cpp
[1.040s] -- Found PythonInterp: /home/ak47k98/anaconda3/envs/yolov8_10/bin/python3 (found suitable version "3.10.16", minimum required is "3.6") 
[1.041s] -- Found python_cmake_module: 0.10.0 (/opt/ros/humble/share/python_cmake_module/cmake)
[1.057s] -- Found PythonLibs: /home/ak47k98/anaconda3/envs/yolov8_10/lib/libpython3.10.so (found suitable version "3.10.16", minimum required is "3.5") 
[1.057s] -- Using PYTHON_EXECUTABLE: /home/ak47k98/anaconda3/envs/yolov8_10/bin/python3
[1.057s] -- Using PYTHON_INCLUDE_DIRS: /home/ak47k98/anaconda3/envs/yolov8_10/include/python3.10
[1.057s] -- Using PYTHON_LIBRARIES: /home/ak47k98/anaconda3/envs/yolov8_10/lib/libpython3.10.so
[1.066s] -- Found PythonExtra: .so  
[1.203s] -- Using numpy include directory: /home/ak47k98/anaconda3/envs/yolov8_10/lib/python3.10/site-packages/numpy/core/include
[1.215s] -- Configuring done
[1.227s] [33mCMake Warning at /opt/ros/humble/share/rosidl_generator_py/cmake/rosidl_generator_py_generate_interfaces.cmake:166 (add_library):
[1.227s]   Cannot generate a safe runtime search path for target
[1.227s]   ros2_yolo_msgs__rosidl_generator_py because files in some directories may
[1.227s]   conflict with libraries in implicit directories:
[1.227s] 
[1.227s]     runtime library [libpython3.10.so.1.0] in /usr/lib/x86_64-linux-gnu may be hidden by files in:
[1.227s]       /home/ak47k98/anaconda3/envs/yolov8_10/lib
[1.227s] 
[1.227s]   Some of these libraries may not be found correctly.
[1.227s] Call Stack (most recent call first):
[1.227s]   /opt/ros/humble/share/ament_cmake_core/cmake/core/ament_execute_extensions.cmake:48 (include)
[1.227s]   /opt/ros/humble/share/rosidl_cmake/cmake/rosidl_generate_interfaces.cmake:286 (ament_execute_extensions)
[1.228s]   CMakeLists.txt:8 (rosidl_generate_interfaces)
[1.228s] 
[1.228s] [0m
[1.228s] [33mCMake Warning at /opt/ros/humble/share/rosidl_generator_py/cmake/rosidl_generator_py_generate_interfaces.cmake:226 (add_library):
[1.228s]   Cannot generate a safe runtime search path for target
[1.228s]   ros2_yolo_msgs__rosidl_typesupport_fastrtps_c__pyext because files in some
[1.228s]   directories may conflict with libraries in implicit directories:
[1.229s] 
[1.229s]     runtime library [libpython3.10.so.1.0] in /usr/lib/x86_64-linux-gnu may be hidden by files in:
[1.229s]       /home/ak47k98/anaconda3/envs/yolov8_10/lib
[1.229s] 
[1.229s]   Some of these libraries may not be found correctly.
[1.229s] Call Stack (most recent call first):
[1.229s]   /opt/ros/humble/share/ament_cmake_core/cmake/core/ament_execute_extensions.cmake:48 (include)
[1.229s]   /opt/ros/humble/share/rosidl_cmake/cmake/rosidl_generate_interfaces.cmake:286 (ament_execute_extensions)
[1.229s]   CMakeLists.txt:8 (rosidl_generate_interfaces)
[1.229s] 
[1.229s] [0m
[1.229s] [33mCMake Warning at /opt/ros/humble/share/rosidl_generator_py/cmake/rosidl_generator_py_generate_interfaces.cmake:226 (add_library):
[1.229s]   Cannot generate a safe runtime search path for target
[1.229s]   ros2_yolo_msgs__rosidl_typesupport_introspection_c__pyext because files in
[1.229s]   some directories may conflict with libraries in implicit directories:
[1.229s] 
[1.229s]     runtime library [libpython3.10.so.1.0] in /usr/lib/x86_64-linux-gnu may be hidden by files in:
[1.230s]       /home/ak47k98/anaconda3/envs/yolov8_10/lib
[1.230s] 
[1.230s]   Some of these libraries may not be found correctly.
[1.230s] Call Stack (most recent call first):
[1.230s]   /opt/ros/humble/share/ament_cmake_core/cmake/core/ament_execute_extensions.cmake:48 (include)
[1.230s]   /opt/ros/humble/share/rosidl_cmake/cmake/rosidl_generate_interfaces.cmake:286 (ament_execute_extensions)
[1.230s]   CMakeLists.txt:8 (rosidl_generate_interfaces)
[1.230s] 
[1.230s] [0m
[1.230s] [33mCMake Warning at /opt/ros/humble/share/rosidl_generator_py/cmake/rosidl_generator_py_generate_interfaces.cmake:226 (add_library):
[1.231s]   Cannot generate a safe runtime search path for target
[1.231s]   ros2_yolo_msgs__rosidl_typesupport_c__pyext because files in some
[1.231s]   directories may conflict with libraries in implicit directories:
[1.231s] 
[1.231s]     runtime library [libpython3.10.so.1.0] in /usr/lib/x86_64-linux-gnu may be hidden by files in:
[1.231s]       /home/ak47k98/anaconda3/envs/yolov8_10/lib
[1.231s] 
[1.231s]   Some of these libraries may not be found correctly.
[1.231s] Call Stack (most recent call first):
[1.231s]   /opt/ros/humble/share/ament_cmake_core/cmake/core/ament_execute_extensions.cmake:48 (include)
[1.231s]   /opt/ros/humble/share/rosidl_cmake/cmake/rosidl_generate_interfaces.cmake:286 (ament_execute_extensions)
[1.231s]   CMakeLists.txt:8 (rosidl_generate_interfaces)
[1.231s] 
[1.231s] [0m
[1.232s] -- Generating done
[1.233s] [33mCMake Warning:
[1.234s]   Manually-specified variables were not used by the project:
[1.234s] 
[1.234s]     CATKIN_INSTALL_INTO_PREFIX_ROOT
[1.234s] 
[1.234s] [0m
[1.234s] -- Build files have been written to: /home/ak47k98/PycharmProjects/ros2_v8/build/ros2_yolo_msgs
[1.238s] Invoked command in '/home/ak47k98/PycharmProjects/ros2_v8/build/ros2_yolo_msgs' returned '0': CONDA_PROMPT_MODIFIER=(yolov8_10) /usr/bin/cmake /home/ak47k98/PycharmProjects/ros2_v8/src/ros2_yolo_msgs -DCATKIN_INSTALL_INTO_PREFIX_ROOT=0 -DCMAKE_INSTALL_PREFIX=/home/ak47k98/PycharmProjects/ros2_v8/install/ros2_yolo_msgs
[1.239s] Invoking command in '/home/ak47k98/PycharmProjects/ros2_v8/build/ros2_yolo_msgs': CONDA_PROMPT_MODIFIER=(yolov8_10) /usr/bin/cmake --build /home/ak47k98/PycharmProjects/ros2_v8/build/ros2_yolo_msgs -- -j32 -l32
[1.270s] [  3%] [34m[1mGenerating C code for ROS interfaces[0m
[1.278s] [  6%] [34m[1mGenerating C++ code for ROS interfaces[0m
[1.283s] [  6%] Built target ament_cmake_python_copy_ros2_yolo_msgs
[1.297s] Traceback (most recent call last):
[1.297s]   File "/opt/ros/humble/share/rosidl_generator_c/cmake/../../../lib/rosidl_generator_c/rosidl_generator_c", line 8, in <module>
[1.297s]     from rosidl_generator_c import generate_c
[1.297s]   File "/opt/ros/humble/local/lib/python3.10/dist-packages/rosidl_generator_c/__init__.py", line 15, in <module>
[1.297s]     from rosidl_cmake import convert_camel_case_to_lower_case_underscore
[1.297s]   File "/opt/ros/humble/local/lib/python3.10/dist-packages/rosidl_cmake/__init__.py", line 24, in <module>
[1.297s]     from rosidl_parser.parser import parse_idl_file
[1.297s]   File "/opt/ros/humble/local/lib/python3.10/dist-packages/rosidl_parser/parser.py", line 20, in <module>
[1.297s]     from lark import Lark
[1.297s] ModuleNotFoundError: No module named 'lark'
[1.301s] gmake[2]: *** [CMakeFiles/ros2_yolo_msgs__rosidl_generator_c.dir/build.make:119Ôºörosidl_generator_c/ros2_yolo_msgs/msg/detected_box.h] ÈîôËØØ 1
[1.301s] gmake[1]: *** [CMakeFiles/Makefile2:212ÔºöCMakeFiles/ros2_yolo_msgs__rosidl_generator_c.dir/all] ÈîôËØØ 2
[1.301s] gmake[1]: *** Ê≠£Âú®Á≠âÂæÖÊú™ÂÆåÊàêÁöÑ‰ªªÂä°....
[1.306s] Traceback (most recent call last):
[1.306s]   File "/opt/ros/humble/share/rosidl_generator_cpp/cmake/../../../lib/rosidl_generator_cpp/rosidl_generator_cpp", line 8, in <module>
[1.306s]     from rosidl_generator_cpp import generate_cpp
[1.306s]   File "/opt/ros/humble/local/lib/python3.10/dist-packages/rosidl_generator_cpp/__init__.py", line 17, in <module>
[1.306s]     from rosidl_cmake import generate_files
[1.306s]   File "/opt/ros/humble/local/lib/python3.10/dist-packages/rosidl_cmake/__init__.py", line 24, in <module>
[1.306s]     from rosidl_parser.parser import parse_idl_file
[1.306s]   File "/opt/ros/humble/local/lib/python3.10/dist-packages/rosidl_parser/parser.py", line 20, in <module>
[1.306s]     from lark import Lark
[1.306s] ModuleNotFoundError: No module named 'lark'
[1.310s] gmake[2]: *** [CMakeFiles/ros2_yolo_msgs__cpp.dir/build.make:123Ôºörosidl_generator_cpp/ros2_yolo_msgs/msg/detected_box.hpp] ÈîôËØØ 1
[1.310s] gmake[1]: *** [CMakeFiles/Makefile2:317ÔºöCMakeFiles/ros2_yolo_msgs__cpp.dir/all] ÈîôËØØ 2
[1.384s] running egg_info
[1.388s] creating ros2_yolo_msgs.egg-info
[1.388s] writing ros2_yolo_msgs.egg-info/PKG-INFO
[1.388s] writing dependency_links to ros2_yolo_msgs.egg-info/dependency_links.txt
[1.389s] writing top-level names to ros2_yolo_msgs.egg-info/top_level.txt
[1.389s] writing manifest file 'ros2_yolo_msgs.egg-info/SOURCES.txt'
[1.401s] reading manifest file 'ros2_yolo_msgs.egg-info/SOURCES.txt'
[1.402s] writing manifest file 'ros2_yolo_msgs.egg-info/SOURCES.txt'
[1.420s] [  6%] Built target ament_cmake_python_build_ros2_yolo_msgs_egg
[1.421s] gmake: *** [Makefile:146Ôºöall] ÈîôËØØ 2
[1.423s] Invoked command in '/home/ak47k98/PycharmProjects/ros2_v8/build/ros2_yolo_msgs' returned '2': CONDA_PROMPT_MODIFIER=(yolov8_10) /usr/bin/cmake --build /home/ak47k98/PycharmProjects/ros2_v8/build/ros2_yolo_msgs -- -j32 -l32
